\BOOKMARK [0][-]{chapter.1}{Einf\374hrung}{}% 1
\BOOKMARK [1][-]{section.1.1}{Warum dieses Themenfeld?}{chapter.1}% 2
\BOOKMARK [1][-]{section.1.2}{Begriffsdefinitionen}{chapter.1}% 3
\BOOKMARK [2][-]{subsection.1.2.1}{Spiele}{section.1.2}% 4
\BOOKMARK [2][-]{subsection.1.2.2}{Video-Spiele}{section.1.2}% 5
\BOOKMARK [2][-]{subsection.1.2.3}{Game-Engine}{section.1.2}% 6
\BOOKMARK [1][-]{section.1.3}{Geschichte}{chapter.1}% 7
\BOOKMARK [2][-]{subsection.1.3.1}{Vergangenheit bis heute}{section.1.3}% 8
\BOOKMARK [2][-]{subsection.1.3.2}{Zukunft Der Game-Engine}{section.1.3}% 9
\BOOKMARK [1][-]{section.1.4}{Engines}{chapter.1}% 10
\BOOKMARK [2][-]{subsection.1.4.1}{GameMaker - YoyoGames}{section.1.4}% 11
\BOOKMARK [2][-]{subsection.1.4.2}{Unity3D - Unity Technologies}{section.1.4}% 12
\BOOKMARK [0][-]{chapter.2}{Theorie}{}% 13
\BOOKMARK [1][-]{section.2.1}{Rendering}{chapter.2}% 14
\BOOKMARK [2][-]{subsection.2.1.1}{OpenGL Grundlagen}{section.2.1}% 15
\BOOKMARK [2][-]{subsection.2.1.2}{Physically Based Rendering}{section.2.1}% 16
\BOOKMARK [2][-]{subsection.2.1.3}{Projection Matrix}{section.2.1}% 17
\BOOKMARK [1][-]{section.2.2}{Extensible Markup Language}{chapter.2}% 18
\BOOKMARK [0][-]{chapter.3}{Unser Programm}{}% 19
\BOOKMARK [1][-]{section.3.1}{Engine - Allgemeiner Aufbau}{chapter.3}% 20
\BOOKMARK [1][-]{section.3.2}{Engine - Systeme}{chapter.3}% 21
\BOOKMARK [2][-]{subsection.3.2.1}{Math System}{section.3.2}% 22
\BOOKMARK [2][-]{subsection.3.2.2}{Memory System}{section.3.2}% 23
\BOOKMARK [2][-]{subsection.3.2.3}{File System}{section.3.2}% 24
\BOOKMARK [2][-]{subsection.3.2.4}{Graphics System}{section.3.2}% 25
\BOOKMARK [2][-]{subsection.3.2.5}{Entity System}{section.3.2}% 26
\BOOKMARK [2][-]{subsection.3.2.6}{Input System}{section.3.2}% 27
\BOOKMARK [1][-]{section.3.3}{Designer - Allgemeiner Aufbau}{chapter.3}% 28
\BOOKMARK [1][-]{section.3.4}{GUI-Fenster}{chapter.3}% 29
\BOOKMARK [2][-]{subsection.3.4.1}{Layouts}{section.3.4}% 30
\BOOKMARK [2][-]{subsection.3.4.2}{ToolWindows}{section.3.4}% 31
\BOOKMARK [2][-]{subsection.3.4.3}{Dialogs}{section.3.4}% 32
\BOOKMARK [1][-]{section.3.5}{Logik}{chapter.3}% 33
\BOOKMARK [1][-]{section.3.6}{Externe Bibliotheken}{chapter.3}% 34
\BOOKMARK [2][-]{subsection.3.6.1}{OpenGL}{section.3.6}% 35
\BOOKMARK [2][-]{subsection.3.6.2}{Windows Presentation Foundation}{section.3.6}% 36
\BOOKMARK [2][-]{subsection.3.6.3}{DotNetBar}{section.3.6}% 37
\BOOKMARK [2][-]{subsection.3.6.4}{MahApps}{section.3.6}% 38
\BOOKMARK [0][-]{chapter.4}{Verwendung}{}% 39
\BOOKMARK [1][-]{section.4.1}{Mindestvorraussetzungen...}{chapter.4}% 40
\BOOKMARK [1][-]{section.4.2}{Designer}{chapter.4}% 41
\BOOKMARK [2][-]{subsection.4.2.1}{Neues Projekt erstellen}{section.4.2}% 42
\BOOKMARK [2][-]{subsection.4.2.2}{Altes Projekt laden}{section.4.2}% 43
\BOOKMARK [2][-]{subsection.4.2.3}{Hauptarbeitsplatz}{section.4.2}% 44
\BOOKMARK [2][-]{subsection.4.2.4}{Extension}{section.4.2}% 45
\BOOKMARK [1][-]{section.4.3}{Engine}{chapter.4}% 46
\BOOKMARK [0][-]{chapter.5}{Resum\351}{}% 47
\BOOKMARK [1][-]{section.5.1}{Verbesserungsf\344higes}{chapter.5}% 48
\BOOKMARK [2][-]{subsection.5.1.1}{Software}{section.5.1}% 49
\BOOKMARK [2][-]{subsection.5.1.2}{Team und Workflow}{section.5.1}% 50
\BOOKMARK [1][-]{section.5.2}{Haben wir unser Ziel erreicht?}{chapter.5}% 51
\BOOKMARK [1][-]{section.5.3}{Was haben wir gelernt?}{chapter.5}% 52
\BOOKMARK [0][-]{chapter.6}{Anhang}{}% 53
\BOOKMARK [1][-]{section.6.1}{Abk\374rzungsverzeichnis}{chapter.6}% 54
